d:\game_upc\engine\emptyproject\build\emptyproject.dir\release\meshutils.obj
d:\game_upc\engine\emptyproject\build\emptyproject.dir\release\logicsystem.obj
d:\game_upc\engine\emptyproject\build\emptyproject.dir\release\gameentitymanager.obj
d:\game_upc\engine\emptyproject\build\emptyproject.dir\release\hdrutils.obj
d:\game_upc\engine\emptyproject\build\emptyproject.dir\release\mainentrypoints.obj
d:\game_upc\engine\emptyproject\build\emptyproject.dir\release\basesystem.obj
d:\game_upc\engine\emptyproject\build\emptyproject.dir\release\cameracontroller.obj
d:\game_upc\engine\emptyproject\build\emptyproject.dir\release\emptyprojectgamestate.obj
d:\game_upc\engine\emptyproject\build\emptyproject.dir\release\tutorialgamestate.obj
d:\game_upc\engine\emptyproject\build\emptyproject.dir\release\smaautils.obj
d:\game_upc\engine\emptyproject\build\emptyproject.dir\release\testutils.obj
d:\game_upc\engine\emptyproject\build\emptyproject.dir\release\messagequeuesystem.obj
d:\game_upc\engine\emptyproject\build\emptyproject.dir\release\screenspacereflections.obj
d:\game_upc\engine\emptyproject\build\emptyproject.dir\release\miscutils.obj
d:\game_upc\engine\emptyproject\build\emptyproject.dir\release\emptyproject.obj
d:\game_upc\engine\emptyproject\build\emptyproject.dir\release\sdlinputhandler.obj
d:\game_upc\engine\emptyproject\build\emptyproject.dir\release\mainloopmultithreaded.obj
d:\game_upc\engine\emptyproject\build\emptyproject.dir\release\graphicssystem.obj
d:\game_upc\engine\emptyproject\build\emptyproject.dir\release\mainloopsinglethreaded.obj
d:\game_upc\engine\emptyproject\build\emptyproject.dir\release\staticpluginloader.obj
d:\game_upc\engine\emptyproject\build\cmakefiles\generate.stamp
d:\game_upc\engine\emptyproject\bin\release\emptyproject.exe
d:\game_upc\engine\emptyproject\build\emptyproject.dir\release\emptyproject.tlog\cl.11732.write.1.tlog
d:\game_upc\engine\emptyproject\build\emptyproject.dir\release\emptyproject.tlog\cl.command.1.tlog
d:\game_upc\engine\emptyproject\build\emptyproject.dir\release\emptyproject.tlog\cl.read.1.tlog
d:\game_upc\engine\emptyproject\build\emptyproject.dir\release\emptyproject.tlog\custombuild.command.1.tlog
d:\game_upc\engine\emptyproject\build\emptyproject.dir\release\emptyproject.tlog\custombuild.read.1.tlog
d:\game_upc\engine\emptyproject\build\emptyproject.dir\release\emptyproject.tlog\custombuild.write.1.tlog
d:\game_upc\engine\emptyproject\build\emptyproject.dir\release\emptyproject.tlog\link.command.1.tlog
d:\game_upc\engine\emptyproject\build\emptyproject.dir\release\emptyproject.tlog\link.read.1.tlog
d:\game_upc\engine\emptyproject\build\emptyproject.dir\release\emptyproject.tlog\link.write.1.tlog
