d:\game_upc\engine\emptyproject\build\emptyproject.dir\debug\staticpluginloader.obj
d:\game_upc\engine\emptyproject\build\emptyproject.dir\debug\logicsystem.obj
d:\game_upc\engine\emptyproject\build\emptyproject.dir\debug\gameentitymanager.obj
d:\game_upc\engine\emptyproject\build\emptyproject.dir\debug\graphicssystem.obj
d:\game_upc\engine\emptyproject\build\emptyproject.dir\debug\mainloopmultithreaded.obj
d:\game_upc\engine\emptyproject\build\emptyproject.dir\debug\messagequeuesystem.obj
d:\game_upc\engine\emptyproject\build\emptyproject.dir\debug\mainloopsinglethreaded.obj
d:\game_upc\engine\emptyproject\build\emptyproject.dir\debug\screenspacereflections.obj
d:\game_upc\engine\emptyproject\build\emptyproject.dir\debug\meshutils.obj
d:\game_upc\engine\emptyproject\build\emptyproject.dir\debug\emptyproject.obj
d:\game_upc\engine\emptyproject\build\emptyproject.dir\debug\sdlinputhandler.obj
d:\game_upc\engine\emptyproject\build\emptyproject.dir\debug\mainentrypoints.obj
d:\game_upc\engine\emptyproject\build\emptyproject.dir\debug\hdrutils.obj
d:\game_upc\engine\emptyproject\build\emptyproject.dir\debug\tutorialgamestate.obj
d:\game_upc\engine\emptyproject\build\emptyproject.dir\debug\emptyprojectgamestate.obj
d:\game_upc\engine\emptyproject\build\emptyproject.dir\debug\basesystem.obj
d:\game_upc\engine\emptyproject\build\emptyproject.dir\debug\cameracontroller.obj
d:\game_upc\engine\emptyproject\build\emptyproject.dir\debug\smaautils.obj
d:\game_upc\engine\emptyproject\build\emptyproject.dir\debug\miscutils.obj
d:\game_upc\engine\emptyproject\build\emptyproject.dir\debug\testutils.obj
d:\game_upc\engine\emptyproject\build\emptyproject.dir\debug\vc142.pdb
d:\game_upc\engine\emptyproject\build\cmakefiles\generate.stamp
d:\game_upc\engine\emptyproject\build\emptyproject.dir\debug\emptyproject.ilk
d:\game_upc\engine\emptyproject\bin\debug\emptyproject.exe
d:\game_upc\engine\emptyproject\bin\debug\emptyproject.pdb
d:\game_upc\engine\emptyproject\build\emptyproject.dir\debug\emptyproject.tlog\cl.12404.write.1.tlog
d:\game_upc\engine\emptyproject\build\emptyproject.dir\debug\emptyproject.tlog\cl.command.1.tlog
d:\game_upc\engine\emptyproject\build\emptyproject.dir\debug\emptyproject.tlog\cl.read.1.tlog
d:\game_upc\engine\emptyproject\build\emptyproject.dir\debug\emptyproject.tlog\custombuild.command.1.tlog
d:\game_upc\engine\emptyproject\build\emptyproject.dir\debug\emptyproject.tlog\custombuild.read.1.tlog
d:\game_upc\engine\emptyproject\build\emptyproject.dir\debug\emptyproject.tlog\custombuild.write.1.tlog
d:\game_upc\engine\emptyproject\build\emptyproject.dir\debug\emptyproject.tlog\link.command.1.tlog
d:\game_upc\engine\emptyproject\build\emptyproject.dir\debug\emptyproject.tlog\link.read.1.tlog
d:\game_upc\engine\emptyproject\build\emptyproject.dir\debug\emptyproject.tlog\link.write.1.tlog
