d:\game_upc\test\the-bull-games\emptyproject.dir\debug\vc142.pdb
d:\game_upc\test\the-bull-games\emptyproject.dir\debug\vc142.idb
d:\game_upc\test\the-bull-games\emptyproject.dir\debug\testutils.obj
d:\game_upc\test\the-bull-games\emptyproject.dir\debug\smaautils.obj
d:\game_upc\test\the-bull-games\emptyproject.dir\debug\screenspacereflections.obj
d:\game_upc\test\the-bull-games\emptyproject.dir\debug\miscutils.obj
d:\game_upc\test\the-bull-games\emptyproject.dir\debug\meshutils.obj
d:\game_upc\test\the-bull-games\emptyproject.dir\debug\hdrutils.obj
d:\game_upc\test\the-bull-games\emptyproject.dir\debug\tutorialgamestate.obj
d:\game_upc\test\the-bull-games\emptyproject.dir\debug\messagequeuesystem.obj
d:\game_upc\test\the-bull-games\emptyproject.dir\debug\staticpluginloader.obj
d:\game_upc\test\the-bull-games\emptyproject.dir\debug\mainentrypoints.obj
d:\game_upc\test\the-bull-games\emptyproject.dir\debug\mainloopsinglethreaded.obj
d:\game_upc\test\the-bull-games\emptyproject.dir\debug\mainloopmultithreaded.obj
d:\game_upc\test\the-bull-games\emptyproject.dir\debug\sdlinputhandler.obj
d:\game_upc\test\the-bull-games\emptyproject.dir\debug\logicsystem.obj
d:\game_upc\test\the-bull-games\emptyproject.dir\debug\graphicssystem.obj
d:\game_upc\test\the-bull-games\emptyproject.dir\debug\gameentitymanager.obj
d:\game_upc\test\the-bull-games\emptyproject.dir\debug\cameracontroller.obj
d:\game_upc\test\the-bull-games\emptyproject.dir\debug\basesystem.obj
d:\game_upc\test\the-bull-games\emptyproject.dir\debug\emptyprojectgamestate.obj
d:\game_upc\test\the-bull-games\emptyproject.dir\debug\emptyproject.obj
d:\game_upc\test\the-bull-games\emptyproject.dir\debug\the-bull-games.ilk
d:\game_upc\test\the-bull-games\x64\debug\the-bull-games.exe
d:\game_upc\test\the-bull-games\x64\debug\the-bull-games.pdb
d:\game_upc\test\the-bull-games\emptyproject.dir\debug\the-bull-games.tlog\cl.command.1.tlog
d:\game_upc\test\the-bull-games\emptyproject.dir\debug\the-bull-games.tlog\cl.read.1.tlog
d:\game_upc\test\the-bull-games\emptyproject.dir\debug\the-bull-games.tlog\cl.write.1.tlog
d:\game_upc\test\the-bull-games\emptyproject.dir\debug\the-bull-games.tlog\link.command.1.tlog
d:\game_upc\test\the-bull-games\emptyproject.dir\debug\the-bull-games.tlog\link.read.1.tlog
d:\game_upc\test\the-bull-games\emptyproject.dir\debug\the-bull-games.tlog\link.write.1.tlog
